c:\users\jiabiao\source\repos\c++基础08\3 企业员工管理\debug\vc141.pdb
c:\users\jiabiao\source\repos\c++基础08\3 企业员工管理\debug\vc141.idb
c:\users\jiabiao\source\repos\c++基础08\3 企业员工管理\debug\technician.obj
c:\users\jiabiao\source\repos\c++基础08\3 企业员工管理\debug\main.obj
c:\users\jiabiao\source\repos\c++基础08\3 企业员工管理\debug\employee.obj
c:\users\jiabiao\source\repos\c++基础08\3 企业员工管理\debug\manager.obj
c:\users\jiabiao\source\repos\c++基础08\3 企业员工管理\debug\salesman.obj
c:\users\jiabiao\source\repos\c++基础08\3 企业员工管理\debug\salesmanager.obj
c:\users\jiabiao\source\repos\c++基础08\debug\3 企业员工管理.exe
c:\users\jiabiao\source\repos\c++基础08\debug\3 企业员工管理.ilk
c:\users\jiabiao\source\repos\c++基础08\debug\3 企业员工管理.pdb
c:\users\jiabiao\documents\visual studio 2017\project2017\cppbase\c++基础08\3 企业员工管理\debug\employee.obj
c:\users\jiabiao\documents\visual studio 2017\project2017\cppbase\c++基础08\3 企业员工管理\debug\main.obj
c:\users\jiabiao\documents\visual studio 2017\project2017\cppbase\c++基础08\3 企业员工管理\debug\manager.obj
c:\users\jiabiao\documents\visual studio 2017\project2017\cppbase\c++基础08\3 企业员工管理\debug\salesman.obj
c:\users\jiabiao\documents\visual studio 2017\project2017\cppbase\c++基础08\3 企业员工管理\debug\salesmanager.obj
c:\users\jiabiao\documents\visual studio 2017\project2017\cppbase\c++基础08\3 企业员工管理\debug\technician.obj
c:\users\jiabiao\documents\visual studio 2017\project2017\cppbase\c++基础08\3 企业员工管理\debug\vc141.idb
c:\users\jiabiao\documents\visual studio 2017\project2017\cppbase\c++基础08\3 企业员工管理\debug\vc141.pdb
c:\users\jiabiao\documents\visual studio 2017\project2017\cppbase\c++基础08\debug\3 企业员工管理.pdb
c:\users\jiabiao\documents\visual studio 2017\project2017\cppbase\c++基础08\debug\3 企业员工管理.exe
c:\users\jiabiao\documents\visual studio 2017\project2017\cppbase\c++基础08\debug\3 企业员工管理.ilk
c:\users\jiabiao\documents\visual studio 2017\project2017\cppbase\c++基础08\3 企业员工管理\debug\3 企业员工管理.tlog\cl.command.1.tlog
c:\users\jiabiao\documents\visual studio 2017\project2017\cppbase\c++基础08\3 企业员工管理\debug\3 企业员工管理.tlog\cl.read.1.tlog
c:\users\jiabiao\documents\visual studio 2017\project2017\cppbase\c++基础08\3 企业员工管理\debug\3 企业员工管理.tlog\cl.write.1.tlog
c:\users\jiabiao\documents\visual studio 2017\project2017\cppbase\c++基础08\3 企业员工管理\debug\3 企业员工管理.tlog\link.command.1.tlog
c:\users\jiabiao\documents\visual studio 2017\project2017\cppbase\c++基础08\3 企业员工管理\debug\3 企业员工管理.tlog\link.read.1.tlog
c:\users\jiabiao\documents\visual studio 2017\project2017\cppbase\c++基础08\3 企业员工管理\debug\3 企业员工管理.tlog\link.write.1.tlog
